android/app/build/outputs/logs/manifest-merger-debug-report.txt
-- Merging decision tree log ---
manifest
ADDED from AndroidManifest.xml:1:1
	xmlns:android
		ADDED from AndroidManifest.xml:1:11
	package
		ADDED from AndroidManifest.xml:2:5
		INJECTED from AndroidManifest.xml:0:0
		INJECTED from AndroidManifest.xml:0:0
	android:versionName
		INJECTED from AndroidManifest.xml:0:0
		INJECTED from AndroidManifest.xml:0:0
	android:versionCode
		INJECTED from AndroidManifest.xml:0:0
		INJECTED from AndroidManifest.xml:0:0
uses-permission#android.permission.INTERNET
ADDED from AndroidManifest.xml:4:5
	android:name
		ADDED from AndroidManifest.xml:4:22
uses-permission#android.permission.BLUETOOTH
ADDED from AndroidManifest.xml:5:5
	android:name
		ADDED from AndroidManifest.xml:5:22
uses-permission#android.permission.BLUETOOTH_ADMIN
ADDED from AndroidManifest.xml:6:5
	android:name
		ADDED from AndroidManifest.xml:6:22
application
ADDED from AndroidManifest.xml:8:5
MERGED from com.android.support:appcompat-v7:23.1.1:22:5
MERGED from com.android.support:support-v4:23.1.1:22:5
MERGED from com.facebook.react:react-native:0.14.0:13:5
MERGED from org.webkit:android-jsc:r174650:2:3
MERGED from com.android.support:support-v4:23.1.1:22:5
MERGED from com.android.support:support-v4:23.1.1:22:5
MERGED from com.android.support:support-v4:23.1.1:22:5
MERGED from com.android.support:support-v4:23.1.1:22:5
MERGED from com.android.support:appcompat-v7:23.1.1:22:5
MERGED from com.android.support:support-v4:23.1.1:22:5
	android:label
		ADDED from AndroidManifest.xml:11:7
	android:allowBackup
		ADDED from AndroidManifest.xml:9:7
	android:icon
		ADDED from AndroidManifest.xml:12:7
	android:theme
		ADDED from AndroidManifest.xml:13:7
	android:name
		ADDED from AndroidManifest.xml:10:9
activity#com.demoproject.MainActivity
ADDED from AndroidManifest.xml:14:7
	android:label
		ADDED from AndroidManifest.xml:16:9
	android:name
		ADDED from AndroidManifest.xml:15:9
intent-filter#android.intent.action.MAIN+android.intent.category.LAUNCHER
ADDED from AndroidManifest.xml:17:9
action#android.intent.action.MAIN
ADDED from AndroidManifest.xml:18:13
	android:name
		ADDED from AndroidManifest.xml:18:21
category#android.intent.category.LAUNCHER
ADDED from AndroidManifest.xml:19:13
	android:name
		ADDED from AndroidManifest.xml:19:23
activity#com.facebook.react.devsupport.DevSettingsActivity
ADDED from AndroidManifest.xml:22:7
	android:name
		ADDED from AndroidManifest.xml:22:17
uses-sdk
INJECTED from AndroidManifest.xml:0:0 reason: use-sdk injection requested
MERGED from com.android.support:appcompat-v7:23.1.1:20:5
MERGED from com.android.support:support-v4:23.1.1:20:5
MERGED from com.facebook.react:react-native:0.14.0:7:5
MERGED from com.facebook.fresco:fresco:0.6.1:5:5
MERGED from com.facebook.fresco:drawee:0.6.1:5:5
MERGED from com.facebook.fresco:fbcore:0.6.1:5:5
MERGED from com.android.support:support-v4:23.1.1:20:5
MERGED from com.facebook.fresco:imagepipeline:0.6.1:5:5
MERGED from com.facebook.fresco:fbcore:0.6.1:5:5
MERGED from com.android.support:support-v4:23.1.1:20:5
MERGED from com.facebook.fresco:fbcore:0.6.1:5:5
MERGED from com.facebook.fresco:imagepipeline-okhttp:0.6.1:5:5
MERGED from com.facebook.fresco:imagepipeline:0.6.1:5:5
MERGED from com.facebook.fresco:fbcore:0.6.1:5:5
MERGED from com.android.support:support-v4:23.1.1:20:5
MERGED from com.facebook.fresco:fbcore:0.6.1:5:5
MERGED from com.android.support:recyclerview-v7:23.0.1:20:5
MERGED from com.android.support:support-v4:23.1.1:20:5
MERGED from com.android.support:appcompat-v7:23.1.1:20:5
MERGED from com.android.support:support-v4:23.1.1:20:5
	android:targetSdkVersion
		INJECTED from AndroidManifest.xml:0:0
		INJECTED from AndroidManifest.xml:0:0
	android:minSdkVersion
		INJECTED from AndroidManifest.xml:0:0
		INJECTED from AndroidManifest.xml:0:0
uses-permission#android.permission.SYSTEM_ALERT_WINDOW
ADDED from com.facebook.react:react-native:0.14.0:11:5
	android:name
		ADDED from com.facebook.react:react-native:0.14.0:11:22
android:uses-permission#android.permission.WRITE_EXTERNAL_STORAGE
IMPLIED from AndroidManifest.xml:1:1 reason: org.webkit.android_jsc has a targetSdkVersion < 4
android:uses-permission#android.permission.READ_PHONE_STATE
IMPLIED from AndroidManifest.xml:1:1 reason: org.webkit.android_jsc has a targetSdkVersion < 4
android:uses-permission#android.permission.READ_EXTERNAL_STORAGE
IMPLIED from AndroidManifest.xml:1:1 reason: org.webkit.android_jsc requested WRITE_EXTERNAL_STORAGE